INFO:root:Number of pre-selected SAC files: 4381
INFO:root:Number of processed ScS windows: 994
INFO:root:Starting the inversion...
INFO:root:Done
INFO:root:variances = [ 1.0697048  1.0839032  1.0983049  1.0993505]
INFO:root:Done
INFO:root:variances = [ 1.2191997  1.2311462  1.2473915  1.2651119]
INFO:root:Done
INFO:root:variances = [ 1.3080393  1.3058883  1.3154482  1.3176541]
INFO:root:Done
INFO:root:variances = [ 1.3131478  1.3160248  1.298658   1.2971358]
FO:root:model 11
INFO:root:model 12
INFO:root:model 13
INFO:root:model 14
INFO:root:model 15
INFO:root:model 16
INFO:root:model 17
INFO:root:model 18
INFO:root:model 19
INFO:root:Number of records used in inversion step: 378
INFO:root:Computing PCA
INFO:root:n_pca=2, alpha=0.8: rmse=0.4017734690671238
INFO:root:n_pca=2, alpha=1.0: rmse=0.4017734690671238
INFO:root:n_pca=4, alpha=0.8: rmse=0.3754179913506965
INFO:root:n_pca=4, alpha=1.0: rmse=0.3754179913506964
INFO:root:Done
INFO:root:variances = [ 1.0697048  1.0839032  1.0983049  1.0993505]
INFO:root:Iteration step
INFO:root:freq=0.01, freq2=0.05
INFO:root:tlen=1638.4, nspc=128
INFO:root:Building y
INFO:root:Building X
INFO:root:model 0
INFO:root:model 1
INFO:root:model 2
INFO:root:model 3
INFO:root:model 4
INFO:root:model 5
INFO:root:model 6
INFO:root:model 7
INFO:root:model 8
INFO:root:model 9
INFO:root:model 10
INFO:root:model 11
INFO:root:model 12
INFO:root:model 13
INFO:root:model 14
INFO:root:model 15
INFO:root:model 16
INFO:root:model 17
INFO:root:model 18
INFO:root:model 19
INFO:root:Number of records used in inversion step: 413
INFO:root:Computing PCA
INFO:root:n_pca=2, alpha=0.8: rmse=0.3826972767251674
INFO:root:n_pca=2, alpha=1.0: rmse=0.3826972767251674
INFO:root:n_pca=4, alpha=0.8: rmse=0.3789934142763784
INFO:root:n_pca=4, alpha=1.0: rmse=0.3789934142763784
INFO:root:Done
INFO:root:variances = [ 1.2191997  1.2311462  1.2473915  1.2651119]
INFO:root:Iteration step
INFO:root:freq=0.01, freq2=0.08
INFO:root:tlen=1638.4, nspc=256
INFO:root:Building y
INFO:root:Building X
INFO:root:model 0
INFO:root:model 1
INFO:root:model 2
INFO:root:model 3
INFO:root:model 4
INFO:root:model 5
INFO:root:model 6
INFO:root:model 7
INFO:root:model 8
INFO:root:model 9
INFO:root:model 10
INFO:root:model 11
INFO:root:model 12
INFO:root:model 13
INFO:root:model 14
INFO:root:model 15
INFO:root:model 16
INFO:root:model 17
INFO:root:model 18
INFO:root:model 19
INFO:root:Number of records used in inversion step: 343
INFO:root:Computing PCA
INFO:root:n_pca=4, alpha=0.8: rmse=0.3732407386215612
INFO:root:n_pca=4, alpha=1.0: rmse=0.37324073862156115
INFO:root:n_pca=6, alpha=0.8: rmse=0.371272315983935
INFO:root:n_pca=6, alpha=1.0: rmse=0.371272315983935
INFO:root:Done
INFO:root:variances = [ 1.3080393  1.3058883  1.3154482  1.3176541]
INFO:root:Iteration step
INFO:root:freq=0.01, freq2=0.08
INFO:root:tlen=1638.4, nspc=256
INFO:root:Building y
INFO:root:Building X
INFO:root:model 0
INFO:root:model 1
INFO:root:model 2
INFO:root:model 3
INFO:root:model 4
INFO:root:model 5
INFO:root:model 6
INFO:root:model 7
INFO:root:model 8
INFO:root:model 9
INFO:root:model 10
INFO:root:model 11
INFO:root:model 12
INFO:root:model 13
INFO:root:model 14
INFO:root:model 15
INFO:root:model 16
INFO:root:model 17
INFO:root:model 18
INFO:root:model 19
INFO:root:Number of records used in inversion step: 337
INFO:root:Computing PCA
INFO:root:n_pca=4, alpha=0.8: rmse=0.3704042911716519
INFO:root:n_pca=4, alpha=1.0: rmse=0.3704042911716519
INFO:root:n_pca=6, alpha=0.8: rmse=0.36644431625318086
INFO:root:n_pca=6, alpha=1.0: rmse=0.3664443162531809
INFO:root:Done
INFO:root:variances = [ 1.3131478  1.3160248  1.298658   1.2971358]
