INFO:root:variances = [ 0.03534945]
INFO:root:variances = [ 0.00872661]
INFO:root:variances = [ 0.00428873  0.00155459  0.0013795 ]
INFO:root:variances = [ 0.00267548  0.00256586  0.0021611 ]
p
INFO:root:freq=0.01, freq2=0.04
INFO:root:tlen=1638.4, nspc=128
INFO:root:n_pca=4, rmse=0.015934390622839353
INFO:root:variances = [ 0.00872661]
INFO:root:Iteration step
INFO:root:freq=0.01, freq2=0.08
INFO:root:tlen=1638.4, nspc=256
INFO:root:n_pca=4, rmse=0.023085084608265215
INFO:root:n_pca=6, rmse=0.015629841208197888
INFO:root:n_pca=8, rmse=0.015254620770489042
INFO:root:variances = [ 0.00428873  0.00155459  0.0013795 ]
INFO:root:Iteration step
INFO:root:freq=0.01, freq2=0.1
INFO:root:tlen=1638.4, nspc=256
INFO:root:n_pca=4, rmse=0.010667049325200392
INFO:root:n_pca=6, rmse=0.010220592892120682
INFO:root:n_pca=8, rmse=0.006941620393054615
INFO:root:variances = [ 0.00267548  0.00256586  0.0021611 ]
